Start testing: Mar 26 00:57 UTC
----------------------------------------------------------
7/179 Testing: confinement/complex-volume.mac
7/179 Test: confinement/complex-volume.mac
Command: "/src/docker_build/python_venv/bin/remage" "-g" "gdml/geometry.gdml" "-o" "test-out.root" "--" "macros/complex-volume.mac"
Directory: /src/docker_build/tests/confinement
"confinement/complex-volume.mac" start time: Mar 26 00:57 UTC
Output:
----------------------------------------------------------
  _ __ ___ _ __ ___   __ _  __ _  ___ 
 | '__/ _ \ '_ ` _ \ / _` |/ _` |/ _ \
 | | |  __/ | | | | | (_| | (_| |  __/ v0.1.dev2+g385626330.d20260326
 |_|  \___|_| |_| |_|\__,_|\__, |\___| using geant4-11-02-patch-02 [MT]
                           |___/      

[Summary -> CLHEP::HepRandom seed changed to: 954817509 (from system entropy)
[Summary -> Loading macro file: macros/complex-volume.mac
G4GDML: Reading 'gdml/geometry.gdml'...
G4GDML: Reading definitions...
G4GDML: Reading materials...
G4GDML: Reading solids...
G4GDML: Reading structure...
G4GDML: Reading setup...
G4GDML: Reading 'gdml/geometry.gdml' done!
Stripping off GDML names of materials, solids and volumes ...
[Summary -> Checking for overlaps in GDML geometry...
[Summary -> Object persistency disabled
[Summary -> Starting run nr. 0. Current local time is 26-03-2026 00:57:44 UTC
[Summary -> Number of events to be processed: 20000
[Summary -> Processing event nr. 2000 (10%), at 0 days, 0 hours, 0 minutes and 0 seconds
[Summary -> Processing event nr. 4000 (20%), at 0 days, 0 hours, 0 minutes and 0 seconds
[Summary -> Processing event nr. 6000 (30%), at 0 days, 0 hours, 0 minutes and 0 seconds
[Summary -> Processing event nr. 8000 (40%), at 0 days, 0 hours, 0 minutes and 0 seconds
[Summary -> Processing event nr. 10000 (50%), at 0 days, 0 hours, 0 minutes and 0 seconds
[Summary -> Processing event nr. 12000 (60%), at 0 days, 0 hours, 0 minutes and 0 seconds
[Summary -> Processing event nr. 14000 (70%), at 0 days, 0 hours, 0 minutes and 0 seconds
[Summary -> Processing event nr. 16000 (80%), at 0 days, 0 hours, 0 minutes and 0 seconds
[Summary -> Processing event nr. 18000 (90%), at 0 days, 0 hours, 0 minutes and 0 seconds
[Summary -> Processing event nr. 20000 (100%), at 0 days, 0 hours, 0 minutes and 0 seconds
[Summary -> Run nr. 0 completed. 20000 events simulated. Current local time is 26-03-2026 00:57:44 UTC
[Summary -> Stats: run time was 0 days, 0 hours, 0 minutes and 0 seconds
[Summary -> Stats: average event processing time was 9.3774e-06 seconds/event = 1.0664e+05 events/second
[Summary -> Stats: on average, 0.6 iterations were needed to sample a valid vertex (164.9% efficiency)
[Summary -> Stats: average time to sample a vertex was 6.88100 us/event
<end of output>
Test time =  13.79 sec
----------------------------------------------------------
Test Passed.
"confinement/complex-volume.mac" end time: Mar 26 00:57 UTC
"confinement/complex-volume.mac" time elapsed: 00:00:13
----------------------------------------------------------

10/179 Testing: confinement/complex-surface.mac
10/179 Test: confinement/complex-surface.mac
Command: "/src/docker_build/python_venv/bin/remage" "-g" "gdml/geometry.gdml" "-o" "test-out.root" "--" "macros/complex-surface.mac"
Directory: /src/docker_build/tests/confinement
"confinement/complex-surface.mac" start time: Mar 26 00:57 UTC
Output:
----------------------------------------------------------
  _ __ ___ _ __ ___   __ _  __ _  ___ 
 | '__/ _ \ '_ ` _ \ / _` |/ _` |/ _ \
 | | |  __/ | | | | | (_| | (_| |  __/ v0.1.dev2+g385626330.d20260326
 |_|  \___|_| |_| |_|\__,_|\__, |\___| using geant4-11-02-patch-02 [MT]
                           |___/      

[Summary -> CLHEP::HepRandom seed changed to: 2128112053 (from system entropy)
[Summary -> Loading macro file: macros/complex-surface.mac
G4GDML: Reading 'gdml/geometry.gdml'...
G4GDML: Reading definitions...
G4GDML: Reading materials...
G4GDML: Reading solids...
G4GDML: Reading structure...
G4GDML: Reading setup...
G4GDML: Reading 'gdml/geometry.gdml' done!
Stripping off GDML names of materials, solids and volumes ...
[Summary -> Checking for overlaps in GDML geometry...
[Summary -> Object persistency disabled
[Summary -> Starting run nr. 0. Current local time is 26-03-2026 00:57:49 UTC
[Summary -> Number of events to be processed: 5000
[Summary -> [void RMGVertexConfinement::InitializePhysicalVolumes()] Surface sampling is on the outside of the mother volume for volumes with daughters.
[Summary -> Processing event nr. 500 (10%), at 0 days, 0 hours, 0 minutes and 0 seconds
[Summary -> Processing event nr. 1000 (20%), at 0 days, 0 hours, 0 minutes and 0 seconds
[Summary -> Processing event nr. 1500 (30%), at 0 days, 0 hours, 0 minutes and 0 seconds
[Summary -> Processing event nr. 2000 (40%), at 0 days, 0 hours, 0 minutes and 0 seconds
[Summary -> Processing event nr. 2500 (50%), at 0 days, 0 hours, 0 minutes and 0 seconds
[Summary -> Processing event nr. 3000 (60%), at 0 days, 0 hours, 0 minutes and 0 seconds
[Summary -> Processing event nr. 3500 (70%), at 0 days, 0 hours, 0 minutes and 0 seconds
[Summary -> Processing event nr. 4000 (80%), at 0 days, 0 hours, 0 minutes and 0 seconds
[Summary -> Processing event nr. 4500 (90%), at 0 days, 0 hours, 0 minutes and 0 seconds
[Summary -> Processing event nr. 5000 (100%), at 0 days, 0 hours, 0 minutes and 0 seconds
[Summary -> Run nr. 0 completed. 5000 events simulated. Current local time is 26-03-2026 00:57:50 UTC
[Summary -> Stats: run time was 0 days, 0 hours, 0 minutes and 0 seconds
[Summary -> Stats: average event processing time was 2.9454e-05 seconds/event = 33951 events/second
[Summary -> Stats: on average, 0.0 iterations were needed to sample a valid vertex (inf% efficiency)
[Summary -> Stats: average time to sample a vertex was 26.50100 us/event
<end of output>
Test time =   5.13 sec
----------------------------------------------------------
Test Passed.
"confinement/complex-surface.mac" end time: Mar 26 00:57 UTC
"confinement/complex-surface.mac" time elapsed: 00:00:05
----------------------------------------------------------

16/179 Testing: confinement/native-surface.mac
16/179 Test: confinement/native-surface.mac
Command: "/src/docker_build/python_venv/bin/remage" "-g" "gdml/geometry.gdml" "-o" "test-out.root" "--" "macros/native-surface.mac"
Directory: /src/docker_build/tests/confinement
"confinement/native-surface.mac" start time: Mar 26 00:57 UTC
Output:
----------------------------------------------------------
  _ __ ___ _ __ ___   __ _  __ _  ___ 
 | '__/ _ \ '_ ` _ \ / _` |/ _` |/ _ \
 | | |  __/ | | | | | (_| | (_| |  __/ v0.1.dev2+g385626330.d20260326
 |_|  \___|_| |_| |_|\__,_|\__, |\___| using geant4-11-02-patch-02 [MT]
                           |___/      

[Summary -> CLHEP::HepRandom seed changed to: 379108907 (from system entropy)
[Summary -> Loading macro file: macros/native-surface.mac
G4GDML: Reading 'gdml/geometry.gdml'...
G4GDML: Reading definitions...
G4GDML: Reading materials...
G4GDML: Reading solids...
G4GDML: Reading structure...
G4GDML: Reading setup...
G4GDML: Reading 'gdml/geometry.gdml' done!
Stripping off GDML names of materials, solids and volumes ...
[Summary -> Checking for overlaps in GDML geometry...
[Summary -> Object persistency disabled
[Summary -> Starting run nr. 0. Current local time is 26-03-2026 00:57:55 UTC
[Summary -> Number of events to be processed: 5000
[Summary -> Processing event nr. 500 (10%), at 0 days, 0 hours, 0 minutes and 0 seconds
[Summary -> Processing event nr. 1000 (20%), at 0 days, 0 hours, 0 minutes and 0 seconds
[Summary -> Processing event nr. 1500 (30%), at 0 days, 0 hours, 0 minutes and 0 seconds
[Summary -> Processing event nr. 2000 (40%), at 0 days, 0 hours, 0 minutes and 0 seconds
[Summary -> Processing event nr. 2500 (50%), at 0 days, 0 hours, 0 minutes and 0 seconds
[Summary -> Processing event nr. 3000 (60%), at 0 days, 0 hours, 0 minutes and 0 seconds
[Summary -> Processing event nr. 3500 (70%), at 0 days, 0 hours, 0 minutes and 0 seconds
[Summary -> Processing event nr. 4000 (80%), at 0 days, 0 hours, 0 minutes and 0 seconds
[Summary -> Processing event nr. 4500 (90%), at 0 days, 0 hours, 0 minutes and 0 seconds
[Summary -> Processing event nr. 5000 (100%), at 0 days, 0 hours, 0 minutes and 0 seconds
[Summary -> Run nr. 0 completed. 5000 events simulated. Current local time is 26-03-2026 00:57:55 UTC
[Summary -> Stats: run time was 0 days, 0 hours, 0 minutes and 0 seconds
[Summary -> Stats: average event processing time was 3.8694e-06 seconds/event = 2.5844e+05 events/second
[Summary -> Stats: on average, 0.0 iterations were needed to sample a valid vertex (inf% efficiency)
[Summary -> Stats: average time to sample a vertex was 1.12600 us/event
<end of output>
Test time =   4.94 sec
----------------------------------------------------------
Test Passed.
"confinement/native-surface.mac" end time: Mar 26 00:57 UTC
"confinement/native-surface.mac" time elapsed: 00:00:04
----------------------------------------------------------

25/179 Testing: confinement/native-volume.mac
25/179 Test: confinement/native-volume.mac
Command: "/src/docker_build/python_venv/bin/remage" "-g" "gdml/geometry.gdml" "-o" "test-out.root" "--" "macros/native-volume.mac"
Directory: /src/docker_build/tests/confinement
"confinement/native-volume.mac" start time: Mar 26 00:57 UTC
Output:
----------------------------------------------------------
  _ __ ___ _ __ ___   __ _  __ _  ___ 
 | '__/ _ \ '_ ` _ \ / _` |/ _` |/ _ \
 | | |  __/ | | | | | (_| | (_| |  __/ v0.1.dev2+g385626330.d20260326
 |_|  \___|_| |_| |_|\__,_|\__, |\___| using geant4-11-02-patch-02 [MT]
                           |___/      

[Summary -> CLHEP::HepRandom seed changed to: 1217851674 (from system entropy)
[Summary -> Loading macro file: macros/native-volume.mac
G4GDML: Reading 'gdml/geometry.gdml'...
G4GDML: Reading definitions...
G4GDML: Reading materials...
G4GDML: Reading solids...
G4GDML: Reading structure...
G4GDML: Reading setup...
G4GDML: Reading 'gdml/geometry.gdml' done!
Stripping off GDML names of materials, solids and volumes ...
[Summary -> Checking for overlaps in GDML geometry...
[Summary -> Object persistency disabled
[Summary -> Starting run nr. 0. Current local time is 26-03-2026 00:57:59 UTC
[Summary -> Number of events to be processed: 5000
[Summary -> Processing event nr. 500 (10%), at 0 days, 0 hours, 0 minutes and 0 seconds
[Summary -> Processing event nr. 1000 (20%), at 0 days, 0 hours, 0 minutes and 0 seconds
[Summary -> Processing event nr. 1500 (30%), at 0 days, 0 hours, 0 minutes and 0 seconds
[Summary -> Processing event nr. 2000 (40%), at 0 days, 0 hours, 0 minutes and 0 seconds
[Summary -> Processing event nr. 2500 (50%), at 0 days, 0 hours, 0 minutes and 0 seconds
[Summary -> Processing event nr. 3000 (60%), at 0 days, 0 hours, 0 minutes and 0 seconds
[Summary -> Processing event nr. 3500 (70%), at 0 days, 0 hours, 0 minutes and 0 seconds
[Summary -> Processing event nr. 4000 (80%), at 0 days, 0 hours, 0 minutes and 0 seconds
[Summary -> Processing event nr. 4500 (90%), at 0 days, 0 hours, 0 minutes and 0 seconds
[Summary -> Processing event nr. 5000 (100%), at 0 days, 0 hours, 0 minutes and 0 seconds
[Summary -> Run nr. 0 completed. 5000 events simulated. Current local time is 26-03-2026 00:58:00 UTC
[Summary -> Stats: run time was 0 days, 0 hours, 0 minutes and 0 seconds
[Summary -> Stats: average event processing time was 3.4627e-06 seconds/event = 2.8879e+05 events/second
[Summary -> Stats: on average, 0.0 iterations were needed to sample a valid vertex (inf% efficiency)
[Summary -> Stats: average time to sample a vertex was 1.06400 us/event
<end of output>
Test time =   4.97 sec
----------------------------------------------------------
Test Passed.
"confinement/native-volume.mac" end time: Mar 26 00:58 UTC
"confinement/native-volume.mac" time elapsed: 00:00:04
----------------------------------------------------------

28/179 Testing: confinement/with-daughters.mac
28/179 Test: confinement/with-daughters.mac
Command: "/src/docker_build/python_venv/bin/remage" "-g" "gdml/geometry_boxes.gdml" "-o" "test-out.root" "--" "macros/with-daughters.mac"
Directory: /src/docker_build/tests/confinement
"confinement/with-daughters.mac" start time: Mar 26 00:58 UTC
Output:
----------------------------------------------------------
  _ __ ___ _ __ ___   __ _  __ _  ___ 
 | '__/ _ \ '_ ` _ \ / _` |/ _` |/ _ \
 | | |  __/ | | | | | (_| | (_| |  __/ v0.1.dev2+g385626330.d20260326
 |_|  \___|_| |_| |_|\__,_|\__, |\___| using geant4-11-02-patch-02 [MT]
                           |___/      

[Summary -> CLHEP::HepRandom seed changed to: 1079571237 (from system entropy)
[Summary -> Loading macro file: macros/with-daughters.mac
G4GDML: Reading 'gdml/geometry_boxes.gdml'...
G4GDML: Reading definitions...
G4GDML: Reading materials...
G4GDML: Reading solids...
G4GDML: Reading structure...
G4GDML: Reading setup...
G4GDML: Reading 'gdml/geometry_boxes.gdml' done!
Stripping off GDML names of materials, solids and volumes ...
[Summary -> Checking for overlaps in GDML geometry...
[Summary -> Object persistency disabled
[Summary -> Starting run nr. 0. Current local time is 26-03-2026 00:58:04 UTC
[Summary -> Number of events to be processed: 10000
[Summary -> Processing event nr. 1000 (10%), at 0 days, 0 hours, 0 minutes and 0 seconds
[Summary -> Processing event nr. 2000 (20%), at 0 days, 0 hours, 0 minutes and 0 seconds
[Summary -> Processing event nr. 3000 (30%), at 0 days, 0 hours, 0 minutes and 0 seconds
[Summary -> Processing event nr. 4000 (40%), at 0 days, 0 hours, 0 minutes and 0 seconds
[Summary -> Processing event nr. 5000 (50%), at 0 days, 0 hours, 0 minutes and 0 seconds
[Summary -> Processing event nr. 6000 (60%), at 0 days, 0 hours, 0 minutes and 0 seconds
[Summary -> Processing event nr. 7000 (70%), at 0 days, 0 hours, 0 minutes and 0 seconds
[Summary -> Processing event nr. 8000 (80%), at 0 days, 0 hours, 0 minutes and 0 seconds
[Summary -> Processing event nr. 9000 (90%), at 0 days, 0 hours, 0 minutes and 0 seconds
[Summary -> Processing event nr. 10000 (100%), at 0 days, 0 hours, 0 minutes and 0 seconds
[Summary -> Run nr. 0 completed. 10000 events simulated. Current local time is 26-03-2026 00:58:05 UTC
[Summary -> Stats: run time was 0 days, 0 hours, 0 minutes and 0 seconds
[Summary -> Stats: average event processing time was 3.1501e-06 seconds/event = 3.1745e+05 events/second
[Summary -> Stats: on average, 0.5 iterations were needed to sample a valid vertex (189.9% efficiency)
[Summary -> Stats: average time to sample a vertex was 0.95200 us/event
<end of output>
Test time =   5.05 sec
----------------------------------------------------------
Test Passed.
"confinement/with-daughters.mac" end time: Mar 26 00:58 UTC
"confinement/with-daughters.mac" time elapsed: 00:00:05
----------------------------------------------------------

End testing: Mar 26 00:58 UTC
